<?xml version="1.0" encoding="UTF-8"?>
<Site BuildName="Linux-g++"
	BuildStamp="20240508-1307-Experimental"
	Name="UbuntuBeast"
	Generator="ctest-3.22.1"
	CompilerName="/usr/bin/g++"
	CompilerVersion="11.4.0"
	OSName="Linux"
	Hostname="UbuntuBeast"
	OSRelease="5.15.0-1061-realtime"
	OSVersion="#69-Ubuntu SMP PREEMPT_RT Mon Apr 15 18:56:55 UTC 2024"
	OSPlatform="x86_64"
	Is64Bits="1"
	VendorString="AuthenticAMD"
	VendorID="Advanced Micro Devices"
	FamilyID="25"
	ModelID="68"
	ProcessorCacheSize="512"
	NumberOfLogicalCPU="16"
	NumberOfPhysicalCPU="8"
	TotalVirtualMemory="2047"
	TotalPhysicalMemory="27738"
	LogicalProcessorsPerPhysical="2"
	ProcessorClockFrequency="3200"
	>
	<Testing>
		<StartDateTime>May 08 15:07 CEST</StartDateTime>
		<StartTestTime>1715173643</StartTestTime>
		<TestList/>
		<EndDateTime>May 08 15:07 CEST</EndDateTime>
		<EndTestTime>1715173643</EndTestTime>
		<ElapsedMinutes>0</ElapsedMinutes>
	</Testing>
</Site>
