<?xml version="1.0" encoding="UTF-8"?>
<Site BuildName="Linux-clang++-14"
	BuildStamp="20240415-1425-Experimental"
	Name="UbuntuBeast"
	Generator="ctest-3.22.1"
	CompilerName="/usr/bin/clang++-14"
	CompilerVersion="14.0.0"
	OSName="Linux"
	Hostname="UbuntuBeast"
	OSRelease="5.15.0-1057-realtime"
	OSVersion="#64-Ubuntu SMP PREEMPT_RT Mon Mar 11 15:01:47 UTC 2024"
	OSPlatform="x86_64"
	Is64Bits="1"
	VendorString="AuthenticAMD"
	VendorID="Advanced Micro Devices"
	FamilyID="25"
	ModelID="68"
	ProcessorCacheSize="512"
	NumberOfLogicalCPU="16"
	NumberOfPhysicalCPU="8"
	TotalVirtualMemory="2047"
	TotalPhysicalMemory="27738"
	LogicalProcessorsPerPhysical="2"
	ProcessorClockFrequency="3200"
	>
	<Testing>
		<StartDateTime>Apr 15 22:01 CEST</StartDateTime>
		<StartTestTime>1713211316</StartTestTime>
		<TestList/>
		<EndDateTime>Apr 15 22:01 CEST</EndDateTime>
		<EndTestTime>1713211316</EndTestTime>
		<ElapsedMinutes>0</ElapsedMinutes>
	</Testing>
</Site>
