<?xml version="1.0" encoding="UTF-8"?>
<Site BuildName="Linux-g++"
	BuildStamp="20240423-1024-Experimental"
	Name="UbuntuBeast"
	Generator="ctest-3.22.1"
	CompilerName="/usr/bin/g++"
	CompilerVersion="11.4.0"
	OSName="Linux"
	Hostname="UbuntuBeast"
	OSRelease="5.15.0-1058-realtime"
	OSVersion="#66-Ubuntu SMP PREEMPT_RT Tue Mar 19 13:58:37 UTC 2024"
	OSPlatform="x86_64"
	Is64Bits="1"
	VendorString="AuthenticAMD"
	VendorID="Advanced Micro Devices"
	FamilyID="25"
	ModelID="68"
	ProcessorCacheSize="512"
	NumberOfLogicalCPU="16"
	NumberOfPhysicalCPU="8"
	TotalVirtualMemory="2047"
	TotalPhysicalMemory="27738"
	LogicalProcessorsPerPhysical="2"
	ProcessorClockFrequency="3200"
	>
	<Testing>
		<StartDateTime>Apr 23 12:24 CEST</StartDateTime>
		<StartTestTime>1713867850</StartTestTime>
		<TestList/>
		<EndDateTime>Apr 23 12:24 CEST</EndDateTime>
		<EndTestTime>1713867850</EndTestTime>
		<ElapsedMinutes>0</ElapsedMinutes>
	</Testing>
</Site>
