<?xml version="1.0" encoding="UTF-8"?>
<Site BuildName="Linux-clang++-14"
	BuildStamp="20240417-0625-Experimental"
	Name="UbuntuBeast"
	Generator="ctest-3.22.1"
	CompilerName="/usr/bin/clang++-14"
	CompilerVersion="14.0.0"
	OSName="Linux"
	Hostname="UbuntuBeast"
	OSRelease="5.15.0-1058-realtime"
	OSVersion="#66-Ubuntu SMP PREEMPT_RT Tue Mar 19 13:58:37 UTC 2024"
	OSPlatform="x86_64"
	Is64Bits="1"
	VendorString="AuthenticAMD"
	VendorID="Advanced Micro Devices"
	FamilyID="25"
	ModelID="68"
	ProcessorCacheSize="512"
	NumberOfLogicalCPU="16"
	NumberOfPhysicalCPU="8"
	TotalVirtualMemory="2047"
	TotalPhysicalMemory="27738"
	LogicalProcessorsPerPhysical="2"
	ProcessorClockFrequency="3795.24"
	>
	<Testing>
		<StartDateTime>Apr 17 08:25 CEST</StartDateTime>
		<StartTestTime>1713335149</StartTestTime>
		<TestList/>
		<EndDateTime>Apr 17 08:25 CEST</EndDateTime>
		<EndTestTime>1713335149</EndTestTime>
		<ElapsedMinutes>0</ElapsedMinutes>
	</Testing>
</Site>
